============================= test session starts =============================
platform win32 -- Python 3.11.9, pytest-8.3.4, pluggy-1.6.0
rootdir: D:\Study\0. degree\Last Year\DepreSense Project\DepreSense-main\backend
configfile: pytest.ini
plugins: anyio-4.12.1, Faker-40.5.1, asyncio-0.25.2, cov-7.0.0, mock-3.15.1
asyncio: mode=Mode.AUTO, asyncio_default_fixture_loop_scope=session
collected 114 items

tests\test_api_local.py ..........                                       [  8%]
tests\test_auth.py ...............                                       [ 21%]
tests\test_eeg.py .......F.......                                        [ 35%]
tests\test_error_handling.py ...................                         [ 51%]
tests\test_health.py ........                                            [ 58%]
tests\test_integration.py ............                                   [ 69%]
tests\test_predictions.py ..............                                 [ 81%]
tests\test_services.py .....................                             [100%]

================================== FAILURES ===================================
_________________ TestListEEGFiles.test_get_files_empty_list __________________
tests\test_eeg.py:94: in test_get_files_empty_list
    assert resp.json() == []
E   AssertionError: assert [{'file_id': ...b5.edf', ...}] == []
E     
E     Left contains 5 more items, first extra item: {'file_id': '25e8013118f1488f9d188abab63409e5', 'file_size': 3209728, 'filename': '25e8013118f1488f9d188abab63409e5.edf', 'original_filename': '25e8013118f1488f9d188abab63409e5.edf', ...}
E     Use -v to get more diff
----------------------------- Captured log setup ------------------------------
DEBUG    asyncio:proactor_events.py:633 Using proactor: IocpProactor\nINFO     app.main:main.py:58 \u2550\u2550\u2550\u2550\u2550\u2550\u2550\u2550\u2550\u2550\u2550\u2550\u2550\u2550\u2550\u2550\u2550\u2550\u2550\u2550\u2550\u2550\u2550\u2550\u2550\u2550\u2550\u2550\u2550\u2550\u2550\u2550\u2550\u2550\u2550\u2550\u2550\u2550\u2550\u2550\u2550\u2550\u2550\u2550\u2550\u2550\u2550\u2550\u2550\u2550\nINFO     app.main:main.py:59 DepreSense API starting \u2026\nINFO     app.main:main.py:60   DEBUG       = True\nINFO     app.main:main.py:61   LOG_LEVEL   = DEBUG\nINFO     app.main:main.py:62   CORS        = http://localhost:5173,http://localhost:3000,http://localhost:8080\nINFO     app.main:main.py:63   MODEL_PATH  = ../output/model\nINFO     app.main:main.py:64   UPLOAD_DIR  = ./uploads\nINFO     app.models.model_loader:model_loader.py:43 Loaded Keras model from ..\\output\\model\\soup_model_EC.keras\nINFO     app.main:main.py:71 ML model loaded successfully: Sequential\nINFO     app.models.model_loader:model_loader.py:89 Loaded SHAP background from ..\\output\\assets\\shap_bg_ec.npy  shape=(100, 1280, 19)\nINFO     app.main:main.py:76 SHAP background loaded: shape=(100, 1280, 19)\nINFO     app.main:main.py:85 DepreSense API started \u2714\nINFO     app.main:main.py:86 \u2550\u2550\u2550\u2550\u2550\u2550\u2550\u2550\u2550\u2550\u2550\u2550\u2550\u2550\u2550\u2550\u2550\u2550\u2550\u2550\u2550\u2550\u2550\u2550\u2550\u2550\u2550\u2550\u2550\u2550\u2550\u2550\u2550\u2550\u2550\u2550\u2550\u2550\u2550\u2550\u2550\u2550\u2550\u2550\u2550\u2550\u2550\u2550\u2550\u2550
------------------------------ Captured log call ------------------------------
INFO     depresense.api:logger.py:96 \u2192 GET /eeg/files  req_id=26bf2a8578374352ac7a8f0d07c45e42\nINFO     app.middleware.auth_middleware:auth_middleware.py:77 Auth success  uid=test-uid-001  req_id=26bf2a8578374352ac7a8f0d07c45e42\nINFO     depresense.api:logger.py:106 \u2190 200  2.4 ms  req_id=26bf2a8578374352ac7a8f0d07c45e42\nINFO     httpx:_client.py:1025 HTTP Request: GET http://testserver/eeg/files "HTTP/1.1 200 OK"
---------------------------- Captured log teardown ----------------------------
INFO     app.main:main.py:93 DepreSense API shutting down \u2026\nINFO     app.models.model_loader:model_loader.py:122 Model unloaded from memory.\nINFO     app.main:main.py:99 ML model unloaded.\nINFO     app.main:main.py:103 DepreSense API stopped \u2714
============================== warnings summary ===============================
tests/test_api_local.py::test_root
  D:\Study\0. degree\Last Year\DepreSense Project\DepreSense-main\backend\app\main.py:55: DeprecationWarning: 
          on_event is deprecated, use lifespan event handlers instead.
  
          Read more about it in the
          [FastAPI docs for Lifespan Events](https://fastapi.tiangolo.com/advanced/events/).
          
    @app.on_event("startup")

tests/test_api_local.py::test_root
  D:\Study\0. degree\Last Year\DepreSense Project\DepreSense-main\backend\app\main.py:90: DeprecationWarning: 
          on_event is deprecated, use lifespan event handlers instead.
  
          Read more about it in the
          [FastAPI docs for Lifespan Events](https://fastapi.tiangolo.com/advanced/events/).
          
    @app.on_event("shutdown")

-- Docs: https://docs.pytest.org/en/stable/how-to/capture-warnings.html
=========================== short test summary info ===========================
FAILED tests/test_eeg.py::TestListEEGFiles::test_get_files_empty_list - Asser...
================= 1 failed, 113 passed, 2 warnings in 21.06s ==================
